\BOOKMARK [1][-]{section.1}{\376\377\000D\000i\000f\000f\000e\000r\000e\000n\000t\000i\000a\000l\000r\000e\000c\000h\000n\000u\000n\000g\000\040\000\050\000S\000.\000\040\0004\0004\0004\000\051}{}% 1
\BOOKMARK [2][-]{section*.1}{\376\377\000D\000i\000f\000f\000e\000r\000e\000n\000z\000i\000a\000l\000q\000u\000o\000t\000i\000e\000n\000t\000\040\000\050\000S\000.\000\040\0004\0004\0004\000\051}{section.1}% 2
\BOOKMARK [2][-]{section*.2}{\376\377\000T\000a\000n\000g\000e\000n\000t\000e\000\040\000/\000\040\000N\000o\000r\000m\000a\000l\000e\000\040\000/\000\040\000Z\000w\000i\000s\000c\000h\000e\000n\000w\000i\000n\000k\000e\000l}{section.1}% 3
\BOOKMARK [2][-]{section*.3}{\376\377\000E\000i\000n\000s\000e\000i\000t\000i\000g\000e\000\040\000A\000b\000l\000e\000i\000t\000u\000n\000g\000e\000n\000\040\000\050\000S\000.\000\040\0004\0004\0005\000\051}{section.1}% 4
\BOOKMARK [2][-]{section*.4}{\376\377\000A\000b\000l\000e\000i\000t\000u\000n\000g\000s\000r\000e\000g\000e\000l\000n\000\040\000\050\000S\000.\000\040\0004\0004\0005\000-\0004\0004\0008\000\051}{section.1}% 5
\BOOKMARK [2][-]{section*.11}{\376\377\000W\000i\000c\000h\000t\000i\000g\000e\000\040\000A\000b\000l\000e\000i\000t\000u\000n\000g\000e\000n\000\040\000\050\000S\000.\000\040\0004\0004\0006\000\051}{section.1}% 6
\BOOKMARK [2][-]{section*.12}{\376\377\000L\000i\000n\000e\000a\000r\000e\000\040\000A\000p\000p\000r\000o\000x\000i\000m\000a\000t\000i\000o\000n\000\040\000/\000\040\000D\000i\000f\000f\000e\000r\000e\000n\000z\000i\000a\000l\000\040\000d\000i\000f\000f\000\040\000y}{section.1}% 7
\BOOKMARK [2][-]{section*.13}{\376\377\000A\000p\000p\000r\000o\000x\000i\000m\000a\000t\000i\000o\000n\000s\000f\000e\000h\000l\000e\000r}{section.1}% 8
\BOOKMARK [2][-]{section*.15}{\376\377\000F\000e\000h\000l\000e\000r\000f\000o\000r\000t\000p\000f\000l\000a\000n\000z\000u\000n\000g\000\040\000\050\000S\000.\000\040\0008\0006\0006\000\051}{section.1}% 9
\BOOKMARK [1][-]{section.2}{\376\377\000T\000a\000y\000l\000o\000r\000-\000T\000h\000e\000o\000r\000i\000e}{}% 10
\BOOKMARK [2][-]{section*.16}{\376\377\000T\000a\000y\000l\000o\000r\000-\000R\000e\000i\000h\000e\000\040\000\050\000A\000p\000p\000r\000o\000x\000i\000m\000a\000t\000i\000o\000n\000\040\000h\000\366\000h\000e\000r\000e\000r\000\040\000O\000r\000d\000n\000u\000n\000g\000\051}{section.2}% 11
\BOOKMARK [2][-]{section*.17}{\376\377\000F\000e\000h\000l\000e\000r\000\040\000R\000n\000\040\000d\000e\000r\000\040\000T\000a\000y\000l\000o\000r\000-\000R\000e\000i\000h\000e}{section.2}% 12
\BOOKMARK [1][-]{section.3}{\376\377\000K\000u\000r\000v\000e\000n\000d\000i\000s\000k\000u\000s\000s\000i\000o\000n\000e\000n}{}% 13
\BOOKMARK [2][-]{section*.20}{\376\377\000S\000a\000t\000z\000\040\000v\000o\000n\000\040\000R\000o\000l\000l\000e\000\040\000\050\000S\000.\000\040\0004\0005\0004\000\051}{section.3}% 14
\BOOKMARK [2][-]{section*.21}{\376\377\000M\000i\000t\000t\000e\000l\000w\000e\000r\000t\000s\000a\000t\000z\000\040\000\050\000S\000.\000\040\0004\0005\0004\000\051}{section.3}% 15
\BOOKMARK [2][-]{section*.22}{\376\377\000M\000o\000n\000o\000t\000o\000n\000i\000e\000b\000e\000d\000i\000n\000g\000u\000n\000g\000e\000n\000\040\000\050\000S\000.\000\040\0004\0005\0003\000\051}{section.3}% 16
\BOOKMARK [2][-]{section*.23}{\376\377\000E\000x\000t\000r\000e\000m\000a\000s\000t\000e\000l\000l\000e\000n\000\040\000\050\000S\000.\000\040\0004\0005\0005\000\051}{section.3}% 17
\BOOKMARK [2][-]{section*.25}{\376\377\000W\000e\000n\000d\000e\000p\000u\000n\000k\000t\000\050\000T\000e\000r\000r\000a\000s\000s\000e\000n\000p\000u\000n\000k\000t\000e\000\051\000\040\000\050\000S\000.\000\040\0004\0005\0007\000\051}{section.3}% 18
\BOOKMARK [2][-]{section*.26}{\376\377\000B\000s\000p\000:\000\040\000E\000x\000t\000r\000e\000m\000a\000\040\000u\000n\000d\000\040\000W\000e\000n\000d\000e\000p\000u\000n\000k\000t}{section.3}% 19
\BOOKMARK [2][-]{section*.27}{\376\377\000B\000e\000r\000n\000o\000u\000l\000l\000i\000-\000H\000\364\000p\000i\000t\000a\000l\000\040\000\050\000S\000.\000\040\0005\0007\000-\0005\0008\000\051}{section.3}% 20
\BOOKMARK [2][-]{section*.30}{\376\377\000U\000n\000b\000e\000s\000t\000i\000m\000m\000t\000e\000\040\000F\000o\000r\000m\000e\000n\000\040\000z\000u\000\040\000B\000e\000r\000n\000o\000u\000l\000l\000i\000-\000F\000o\000r\000m\000e\000n}{section.3}% 21
\BOOKMARK [2][-]{section*.31}{\376\377\000P\000o\000l\000y\000n\000o\000m\000d\000i\000v\000i\000s\000i\000o\000n\000\040\000\040\000\050\000S\000.\000\040\0001\0005\000\051}{section.3}% 22
\BOOKMARK [2][-]{section*.32}{\376\377\000A\000s\000y\000m\000p\000t\000o\000t\000e\000n\000\040\000b\000e\000s\000t\000i\000m\000m\000u\000n\000g}{section.3}% 23
\BOOKMARK [1][-]{section.4}{\376\377\000I\000n\000t\000e\000g\000r\000a\000l\000r\000e\000c\000h\000n\000u\000n\000g\000\040\000\050\000S\000.\000\040\0004\0009\0003\000\051}{}% 24
\BOOKMARK [2][-]{section*.34}{\376\377\000O\000b\000e\000r\000s\000u\000m\000m\000e\000\040\000/\000\040\000U\000n\000t\000e\000r\000s\000u\000m\000m\000e}{section.4}% 25
\BOOKMARK [2][-]{section*.35}{\376\377\000R\000i\000e\000m\000a\000n\000n\000-\000S\000u\000m\000m\000e\000\040\000\050\000S\000.\000\040\0005\0000\0006\000-\0005\0000\0007\000\051}{section.4}% 26
\BOOKMARK [2][-]{section*.36}{\376\377\000R\000i\000e\000m\000a\000n\000n\000-\000I\000n\000t\000e\000g\000r\000a\000l\000\040\000\050\000S\000.\000\040\0005\0000\0007\000\051}{section.4}% 27
\BOOKMARK [2][-]{section*.37}{\376\377\000W\000i\000c\000h\000t\000i\000g\000e\000\040\000I\000n\000t\000e\000g\000r\000a\000l\000e\000\040\000S\000.\000\040\0004\0009\0005\000\040\000\050\000S\000.\000\040\0004\0009\0005\000\051}{section.4}% 28
\BOOKMARK [2][-]{section*.38}{\376\377\000F\000l\000\344\000c\000h\000e\000n\000\040\000u\000n\000t\000e\000r\000\040\000I\000n\000t\000e\000g\000r\000a\000l\000e\000n}{section.4}% 29
\BOOKMARK [2][-]{section*.39}{\376\377\000I\000n\000t\000e\000g\000r\000a\000l\000r\000e\000g\000e\000l\000n\000\040\000\050\000S\000.\000\040\0004\0009\0006\000-\0004\0009\0009\000\051}{section.4}% 30
\BOOKMARK [2][-]{section*.41}{\376\377\000W\000i\000c\000h\000t\000i\000g\000e\000\040\000I\000n\000t\000e\000g\000r\000a\000l\000e\000\040\000\050\000S\000.\000\040\0004\0004\0006\000\051}{section.4}% 31
\BOOKMARK [2][-]{section*.42}{\376\377\000M\000i\000t\000t\000e\000l\000w\000e\000r\000t\000s\000a\000t\000z\000\040\000\050\000S\000.\000\040\0005\0001\0000\000\051}{section.4}% 32
\BOOKMARK [1][-]{section.5}{\376\377\000W\000i\000c\000h\000t\000i\000g\000e\000s\000\040\000a\000u\000s\000\040\000A\000n\0001\000a}{}% 33
\BOOKMARK [2][-]{section*.43}{\376\377\000G\000e\000b\000r\000o\000c\000h\000e\000n\000r\000a\000t\000i\000n\000a\000l\000e\000\040\000F\000u\000n\000k\000t\000i\000o\000n\000e\000n\000\040\000\050\000S\000.\000\040\0006\0003\000m\000\040\0006\0007\000\051}{section.5}% 34
\BOOKMARK [2][-]{section*.44}{\376\377\000G\000r\000e\000n\000z\000w\000e\000r\000t\000e\000\040\000\050\000S\000.\000\040\0004\0007\0001\000\051}{section.5}% 35
\BOOKMARK [2][-]{section*.45}{\376\377\000G\000r\000e\000n\000z\000w\000e\000r\000t\000e\000\040\041\222\000\040\042\036}{section.5}% 36
\BOOKMARK [2][-]{section*.46}{\376\377\000R\000e\000c\000h\000n\000e\000n\000\040\041\222\000\040\042\036}{section.5}% 37
\BOOKMARK [2][-]{section*.48}{\376\377\000S\000t\000e\000t\000i\000g\000k\000e\000i\000t\000\040\000\050\000S\000.\000\040\0005\0009\000-\0006\0003\000,\000\040\0001\0002\0007\000\051}{section.5}% 38
\BOOKMARK [2][-]{section*.49}{\376\377\000W\000i\000c\000h\000t\000i\000g\000e\000\040\000F\000u\000n\000k\000t\000i\000o\000n\000e\000n}{section.5}% 39
