\BOOKMARK [1][-]{section.1}{\376\377\000R\000e\000e\000l\000l\000e\000\040\000Z\000a\000h\000l\000e\000n}{}% 1
\BOOKMARK [2][-]{section*.1}{\376\377\000Z\000a\000h\000l\000e\000n\000m\000e\000n\000g\000e\000n\000\040\000\050\000S\000.\000\040\0001\000,\000\040\0003\0003\0001\000\051}{section.1}% 2
\BOOKMARK [2][-]{section*.2}{\376\377\000S\000u\000p\000r\000e\000m\000u\000m\000\040\000u\000n\000d\000\040\000I\000n\000f\000i\000m\000u\000m\000\040\000\040\041\222\000\040\000\040\0003\000.\000\040\000F\000o\000l\000g\000e\000n}{section.1}% 3
\BOOKMARK [2][-]{section*.3}{\376\377\000U\000m\000g\000e\000b\000u\000n\000g}{section.1}% 4
\BOOKMARK [2][-]{section*.4}{\376\377\000E\000n\000d\000l\000i\000c\000h\000e\000\040\000R\000e\000i\000h\000e\000n\000\040\000\050\000S\000.\000\040\0001\0009\000,\000\040\0002\0000\000\051}{section.1}% 5
\BOOKMARK [2][-]{section*.5}{\376\377\000M\000i\000t\000t\000e\000l\000w\000e\000r\000t\000e\000\040\000\050\000S\000.\000\040\0002\0000\000\051}{section.1}% 6
\BOOKMARK [2][-]{section*.6}{\376\377\000S\000p\000e\000z\000i\000e\000l\000e\000\040\000U\000n\000g\000l\000e\000i\000c\000h\000u\000n\000g\000e\000n\000\040\000\050\000S\000.\000\040\0003\0001\000\040\000-\000\040\0003\0004\000\051}{section.1}% 7
\BOOKMARK [2][-]{section*.7}{\376\377\000B\000i\000n\000o\000m\000i\000s\000c\000h\000e\000r\000\040\000S\000a\000t\000z\000\040\000\050\000S\000.\000\040\0001\0002\000\051}{section.1}% 8
\BOOKMARK [2][-]{section*.8}{\376\377\000V\000o\000l\000l\000s\000t\000\344\000n\000d\000i\000g\000e\000\040\000I\000n\000d\000u\000k\000t\000i\000o\000n\000\040\000\050\000S\000.\000\040\0005\000\040\000-\000\040\0006\000\051}{section.1}% 9
\BOOKMARK [1][-]{section.2}{\376\377\000F\000u\000n\000k\000t\000i\000o\000n\000e\000n\000\040\000\050\000S\000.\000\040\0004\0009\000\051}{}% 10
\BOOKMARK [2][-]{section*.9}{\376\377\000S\000c\000h\000r\000e\000i\000b\000w\000e\000i\000s\000e\000\040\000v\000o\000n\000\040\000F\000u\000n\000k\000t\000i\000o\000n\000e\000n}{section.2}% 11
\BOOKMARK [2][-]{section*.10}{\376\377\000E\000i\000g\000e\000n\000s\000c\000h\000a\000f\000t\000e\000n\000\040\000v\000o\000n\000\040\000F\000u\000n\000k\000t\000i\000o\000n\000e\000n}{section.2}% 12
\BOOKMARK [2][-]{section*.11}{\376\377\000T\000r\000a\000n\000s\000f\000o\000r\000m\000a\000t\000i\000o\000n\000e\000n}{section.2}% 13
\BOOKMARK [2][-]{section*.12}{\376\377\000G\000r\000e\000a\000d\000e\000\040\000/\000\040\000U\000n\000g\000e\000r\000a\000d\000e\000\040\000/\000\040\000P\000e\000r\000i\000o\000d\000i\000s\000c\000h\000e\000\040\000F\000u\000n\000k\000t\000i\000o\000n\000e\000n}{section.2}% 14
\BOOKMARK [2][-]{section*.13}{\376\377\000V\000e\000r\000k\000e\000t\000t\000u\000n\000g\000\040\000o\000d\000e\000r\000\040\000M\000i\000t\000t\000e\000l\000b\000a\000r\000e\000\040\000F\000u\000n\000k\000t\000i\000o\000n}{section.2}% 15
\BOOKMARK [2][-]{section*.14}{\376\377\000P\000o\000l\000y\000n\000o\000m\000\040\000F\000u\000n\000k\000t\000i\000o\000n\000e\000n\000\040\000\050\000S\000.\000\040\0006\0005\000\051}{section.2}% 16
\BOOKMARK [2][-]{section*.15}{\376\377\000G\000a\000n\000z\000r\000a\000t\000i\000n\000a\000l\000e\000\040\000F\000u\000n\000k\000t\000i\000o\000n\000e\000n\000\040\000\050\000S\000.\000\040\0006\0003\000\051}{section.2}% 17
\BOOKMARK [2][-]{section*.16}{\376\377\000H\000o\000r\000n\000e\000r\000s\000c\000h\000e\000m\000a\000\040\000\050\000S\000.\000\040\0009\0006\0006\000\051}{section.2}% 18
\BOOKMARK [2][-]{section*.19}{\376\377\000G\000e\000b\000r\000o\000c\000h\000e\000n\000r\000a\000t\000i\000n\000a\000l\000e\000\040\000F\000u\000n\000k\000t\000i\000o\000n\000e\000n\000\040\000\050\000S\000.\000\040\0006\0003\000m\000\040\0006\0007\000\051}{section.2}% 19
\BOOKMARK [2][-]{section*.20}{\376\377\000P\000o\000l\000y\000n\000o\000m\000d\000i\000v\000i\000s\000i\000o\000n\000\040\000\040\000\050\000S\000.\000\040\0001\0005\000\051}{section.2}% 20
\BOOKMARK [2][-]{section*.21}{\376\377\000P\000a\000r\000t\000i\000a\000l\000b\000r\000u\000c\000h\000z\000e\000r\000l\000e\000g\000u\000n\000g\000\040\000\050\000S\000.\000\040\0001\0005\000\051}{section.2}% 21
\BOOKMARK [2][-]{section*.25}{\376\377\000T\000r\000i\000g\000o\000n\000o\000m\000e\000t\000r\000i\000s\000c\000h\000e\000\040\000F\000u\000n\000k\000t\000i\000o\000n\000e\000n\000\040\000\050\000S\000.\000\040\0007\0007\000-\0008\0009\000\051}{section.2}% 22
\BOOKMARK [1][-]{section.3}{\376\377\000F\000o\000l\000g\000e\000n\000\040\000u\000n\000d\000\040\000R\000e\000i\000h\000e\000n\000\040\000\050\000S\000.\000\040\0001\0009\000,\000\040\0004\0007\0000\000\051}{}% 23
\BOOKMARK [2][-]{section*.27}{\376\377\000S\000p\000e\000z\000i\000e\000l\000l\000e\000\040\000F\000o\000l\000g\000e\000n\000\040\000u\000n\000d\000\040\000R\000e\000i\000h\000e\000n\000\040\000\050\000S\000.\000\040\0002\0000\000\051}{section.3}% 24
\BOOKMARK [2][-]{section*.28}{\376\377\000B\000e\000s\000c\000h\000r\000\344\000n\000k\000t\000h\000e\000i\000t\000\040\000/\000\040\000M\000o\000n\000o\000t\000o\000n\000i\000e\000\040\000\050\000S\000.\000\040\0005\0001\000,\000\040\0004\0007\0000\000\051}{section.3}% 25
\BOOKMARK [2][-]{section*.31}{\376\377\000K\000o\000n\000v\000e\000r\000g\000e\000n\000z\000\040\000/\000\040\000D\000i\000v\000e\000r\000g\000e\000n\000z\000\040\000\050\000S\000.\000\040\0004\0007\0001\000\051}{section.3}% 26
\BOOKMARK [2][-]{section*.36}{\376\377\000G\000r\000e\000n\000z\000w\000e\000r\000t\000e\000\040\000\050\000S\000.\000\040\0004\0007\0001\000\051}{section.3}% 27
\BOOKMARK [2][-]{section*.37}{\376\377\000R\000e\000c\000h\000n\000e\000n\000\040\041\222\000\040\042\036}{section.3}% 28
\BOOKMARK [2][-]{section*.40}{\376\377\000G\000r\000e\000n\000z\000w\000e\000r\000t\000e\000\040\041\222\000\040\042\036}{section.3}% 29
\BOOKMARK [2][-]{section*.41}{\376\377\000B\000o\000l\000z\000a\000n\000o\000-\000P\000r\000i\000n\000z\000i\000p}{section.3}% 30
\BOOKMARK [1][-]{section.4}{\376\377\000G\000r\000e\000n\000z\000w\000e\000r\000t\000e}{}% 31
\BOOKMARK [2][-]{section*.43}{\376\377\000L\000i\000n\000k\000s\000-\000\040\000/\000\040\000R\000e\000c\000h\000t\000s\000s\000e\000i\000t\000i\000g\000e\000r\000\040\000G\000r\000e\000n\000z\000w\000e\000r\000t\000\040\000\050\000S\000.\000\040\0005\0005\000\051}{section.4}% 32
\BOOKMARK [2][-]{section*.44}{\376\377\000K\000o\000n\000v\000e\000r\000g\000e\000n\000z\000,\000\040\000D\000i\000v\000e\000r\000g\000e\000n\000z\000\040\000\050\000S\000.\000\040\0004\0007\0002\000\051}{section.4}% 33
\BOOKMARK [2][-]{section*.47}{\376\377\000S\000t\000e\000t\000i\000g\000k\000e\000i\000t\000\040\000\050\000S\000.\000\040\0005\0009\000-\0006\0003\000,\000\040\0001\0002\0007\000\051}{section.4}% 34
\BOOKMARK [2][-]{section*.48}{\376\377\000N\000u\000l\000l\000s\000t\000e\000l\000l\000e\000n\000\040\000b\000e\000s\000t\000i\000m\000m\000e\000n\000\040\000g\000e\000m\000\344\000s\000s\000\040\000B\000o\000l\000z\000a\000n\000o\000\040\000\050\000S\000.\000\040\0001\0002\000\051}{section.4}% 35
\BOOKMARK [2][-]{section*.50}{\376\377\000A\000s\000y\000m\000p\000t\000o\000t\000e\000n\000b\000e\000s\000t\000i\000m\000m\000u\000n\000g\000\040\000\040\041\222\000\040\000\040\0002\000.\0009\000\040\000|\000|\000\040\0002\000.\0001\0000}{section.4}% 36
\BOOKMARK [2][-]{section*.52}{\376\377\000S\000p\000e\000z\000i\000e\000l\000l\000e\000\040\000G\000r\000e\000n\000z\000w\000e\000r\000t\000e}{section.4}% 37
\BOOKMARK [2][-]{section*.53}{\376\377\000W\000i\000c\000h\000t\000i\000g\000e\000\040\000F\000u\000n\000k\000t\000i\000o\000n\000e\000n}{section.4}% 38
