\BOOKMARK [1][-]{section.1}{\376\377\000L\000i\000n\000e\000a\000r\000e\000\040\000G\000l\000e\000i\000c\000h\000u\000n\000g\000s\000s\000y\000s\000t\000e\000m\000e}{}% 1
\BOOKMARK [2][-]{section*.1}{\376\377\000M\000a\000t\000r\000i\000t\000z\000e\000n\000\040\000u\000n\000d\000\040\000V\000e\000k\000t\000o\000r\000e\000n}{section.1}% 2
\BOOKMARK [2][-]{section*.2}{\376\377\000R\000e\000c\000h\000e\000n\000r\000e\000g\000e\000l\000n\000\040\000m\000i\000t\000\040\000M\000a\000t\000r\000i\000t\000z\000e\000n\000\040\000u\000n\000d\000\040\000V\000e\000k\000t\000o\000r\000e\000n}{section.1}% 3
\BOOKMARK [2][-]{section*.7}{\376\377\000T\000r\000a\000n\000p\000o\000n\000i\000e\000r\000t\000e\000\040\000M\000a\000t\000r\000i\000x}{section.1}% 4
\BOOKMARK [2][-]{section*.8}{\376\377\000I\000n\000v\000e\000r\000s\000e\000\040\000M\000a\000t\000r\000i\000x}{section.1}% 5
\BOOKMARK [2][-]{section*.10}{\376\377\000L\000i\000n\000e\000a\000r\000e\000s\000\040\000G\000l\000e\000i\000c\000h\000u\000n\000g\000s\000s\000y\000s\000t\000e\000m\000\040\000a\000l\000s\000\040\000M\000a\000t\000r\000i\000x}{section.1}% 6
\BOOKMARK [2][-]{section*.13}{\376\377\000G\000a\000u\000s\000s\000-\000A\000l\000g\000o\000r\000i\000t\000h\000m\000u\000s}{section.1}% 7
\BOOKMARK [2][-]{section*.14}{\376\377\000L\000\366\000s\000u\000n\000g\000s\000m\000e\000n\000g\000e}{section.1}% 8
\BOOKMARK [2][-]{section*.15}{\376\377\000R\000a\000n\000g\000\040\000e\000i\000n\000e\000r\000\040\000M\000a\000t\000r\000i\000x}{section.1}% 9
\BOOKMARK [2][-]{section*.16}{\376\377\000L\000i\000n\000e\000a\000r\000e\000s\000\040\000G\000l\000e\000i\000c\000h\000u\000n\000g\000s\000s\000y\000s\000t\000e\000m}{section.1}% 10
\BOOKMARK [2][-]{section*.17}{\376\377\000H\000o\000m\000o\000g\000e\000n\000e\000\040\000/\000\040\000I\000n\000h\000o\000m\000o\000g\000e\000n\000e\000\040\000L\000G\000S}{section.1}% 11
\BOOKMARK [2][-]{section*.18}{\376\377\000R\000e\000g\000u\000l\000\344\000r\000e\000\040\000/\000\040\000S\000i\000n\000g\000u\000l\000\344\000r\000e\000\040\000M\000a\000t\000r\000i\000x}{section.1}% 12
\BOOKMARK [1][-]{section.2}{\376\377\000D\000e\000t\000e\000r\000m\000i\000n\000a\000n\000t\000e}{}% 13
\BOOKMARK [2][-]{section*.19}{\376\377\000N\000o\000t\000a\000t\000i\000o\000n\000\040\000D\000e\000t\000e\000r\000m\000i\000n\000a\000n\000t\000e}{section.2}% 14
\BOOKMARK [2][-]{section*.20}{\376\377\000D\000e\000f\000i\000n\000i\000e\000r\000e\000n\000d\000e\000\040\000E\000i\000g\000e\000n\000s\000c\000h\000a\000f\000t\000e\000n\000\040\000d\000e\000r\000\040\000D\000e\000t\000e\000r\000m\000i\000n\000a\000n\000t\000e}{section.2}% 15
\BOOKMARK [2][-]{section*.21}{\376\377\000G\000e\000o\000m\000e\000t\000r\000i\000s\000c\000h\000e\000\040\000I\000n\000t\000e\000r\000p\000r\000e\000t\000a\000t\000i\000o\000n\000\040\000d\000e\000r\000\040\000D\000e\000t\000e\000r\000m\000i\000n\000a\000n\000t\000e}{section.2}% 16
\BOOKMARK [2][-]{section*.24}{\376\377\000A\000l\000l\000g\000e\000m\000e\000i\000n\000e\000\040\000B\000e\000r\000e\000c\000h\000n\000u\000n\000g\000\040\000d\000e\000r\000\040\000D\000e\000t\000e\000r\000m\000i\000n\000a\000n\000t\000e}{section.2}% 17
\BOOKMARK [2][-]{section*.25}{\376\377\000S\000a\000r\000r\000u\000s}{section.2}% 18
\BOOKMARK [2][-]{section*.28}{\376\377\000R\000e\000c\000h\000e\000n\000r\000e\000g\000e\000l\000n\000\040\000f\000\374\000r\000\040\000d\000i\000e\000\040\000D\000e\000t\000e\000r\000m\000i\000n\000a\000n\000t\000e}{section.2}% 19
\BOOKMARK [2][-]{section*.29}{\376\377\000E\000n\000t\000w\000i\000c\000k\000l\000u\000n\000g\000s\000s\000a\000t\000z}{section.2}% 20
\BOOKMARK [2][-]{section*.31}{\376\377\000C\000r\000a\000m\000e\000r\000s\000c\000h\000e\000\040\000R\000e\000g\000e\000l}{section.2}% 21
